Determining if the pthread_create exist failed with the following output:
Change Dir: /home/cdi/Dropbox/Workspace_CDI/workspace_prog/catkin_ws_straw_machine/build/CMakeFiles/CMakeTmp

Run Build Command:"/usr/bin/make" "cmTC_4ed71/fast"
/usr/bin/make -f CMakeFiles/cmTC_4ed71.dir/build.make CMakeFiles/cmTC_4ed71.dir/build
make[1]: Entering directory '/home/cdi/Dropbox/Workspace_CDI/workspace_prog/catkin_ws_straw_machine/build/CMakeFiles/CMakeTmp'
Building C object CMakeFiles/cmTC_4ed71.dir/CheckSymbolExists.c.o
/usr/bin/cc    -o CMakeFiles/cmTC_4ed71.dir/CheckSymbolExists.c.o   -c /home/cdi/Dropbox/Workspace_CDI/workspace_prog/catkin_ws_straw_machine/build/CMakeFiles/CMakeTmp/CheckSymbolExists.c
Linking C executable cmTC_4ed71
/usr/bin/cmake -E cmake_link_script CMakeFiles/cmTC_4ed71.dir/link.txt --verbose=1
/usr/bin/cc      -rdynamic CMakeFiles/cmTC_4ed71.dir/CheckSymbolExists.c.o  -o cmTC_4ed71 
CMakeFiles/cmTC_4ed71.dir/CheckSymbolExists.c.o: In function `main':
CheckSymbolExists.c:(.text+0x1b): undefined reference to `pthread_create'
collect2: error: ld returned 1 exit status
CMakeFiles/cmTC_4ed71.dir/build.make:97: recipe for target 'cmTC_4ed71' failed
make[1]: *** [cmTC_4ed71] Error 1
make[1]: Leaving directory '/home/cdi/Dropbox/Workspace_CDI/workspace_prog/catkin_ws_straw_machine/build/CMakeFiles/CMakeTmp'
Makefile:126: recipe for target 'cmTC_4ed71/fast' failed
make: *** [cmTC_4ed71/fast] Error 2

File /home/cdi/Dropbox/Workspace_CDI/workspace_prog/catkin_ws_straw_machine/build/CMakeFiles/CMakeTmp/CheckSymbolExists.c:
/* */
#include <pthread.h>

int main(int argc, char** argv)
{
  (void)argv;
#ifndef pthread_create
  return ((int*)(&pthread_create))[argc];
#else
  (void)argc;
  return 0;
#endif
}

Determining if the function pthread_create exists in the pthreads failed with the following output:
Change Dir: /home/cdi/Dropbox/Workspace_CDI/workspace_prog/catkin_ws_straw_machine/build/CMakeFiles/CMakeTmp

Run Build Command:"/usr/bin/make" "cmTC_711ed/fast"
/usr/bin/make -f CMakeFiles/cmTC_711ed.dir/build.make CMakeFiles/cmTC_711ed.dir/build
make[1]: Entering directory '/home/cdi/Dropbox/Workspace_CDI/workspace_prog/catkin_ws_straw_machine/build/CMakeFiles/CMakeTmp'
Building C object CMakeFiles/cmTC_711ed.dir/CheckFunctionExists.c.o
/usr/bin/cc   -DCHECK_FUNCTION_EXISTS=pthread_create   -o CMakeFiles/cmTC_711ed.dir/CheckFunctionExists.c.o   -c /usr/share/cmake-3.10/Modules/CheckFunctionExists.c
Linking C executable cmTC_711ed
/usr/bin/cmake -E cmake_link_script CMakeFiles/cmTC_711ed.dir/link.txt --verbose=1
/usr/bin/cc  -DCHECK_FUNCTION_EXISTS=pthread_create    -rdynamic CMakeFiles/cmTC_711ed.dir/CheckFunctionExists.c.o  -o cmTC_711ed -lpthreads 
/usr/bin/ld: cannot find -lpthreads
collect2: error: ld returned 1 exit status
CMakeFiles/cmTC_711ed.dir/build.make:97: recipe for target 'cmTC_711ed' failed
make[1]: *** [cmTC_711ed] Error 1
make[1]: Leaving directory '/home/cdi/Dropbox/Workspace_CDI/workspace_prog/catkin_ws_straw_machine/build/CMakeFiles/CMakeTmp'
Makefile:126: recipe for target 'cmTC_711ed/fast' failed
make: *** [cmTC_711ed/fast] Error 2


Performing C SOURCE FILE Test CMAKE_HAVE_LIBC_PTHREAD failed with the following output:
Change Dir: /home/cdi/Dropbox/Workspace_CDI/workspace_prog/catkin_ws_straw_machine/build/CMakeFiles/CMakeTmp

Run Build Command(s):/usr/bin/make cmTC_76a1b/fast && /usr/bin/make -f CMakeFiles/cmTC_76a1b.dir/build.make CMakeFiles/cmTC_76a1b.dir/build
make[1]: Entering directory '/home/cdi/Dropbox/Workspace_CDI/workspace_prog/catkin_ws_straw_machine/build/CMakeFiles/CMakeTmp'
Building C object CMakeFiles/cmTC_76a1b.dir/src.c.o
/usr/bin/cc   -DCMAKE_HAVE_LIBC_PTHREAD   -o CMakeFiles/cmTC_76a1b.dir/src.c.o   -c /home/cdi/Dropbox/Workspace_CDI/workspace_prog/catkin_ws_straw_machine/build/CMakeFiles/CMakeTmp/src.c
Linking C executable cmTC_76a1b
/usr/bin/cmake -E cmake_link_script CMakeFiles/cmTC_76a1b.dir/link.txt --verbose=1
/usr/bin/cc  -DCMAKE_HAVE_LIBC_PTHREAD    -rdynamic CMakeFiles/cmTC_76a1b.dir/src.c.o  -o cmTC_76a1b 
/usr/bin/ld: CMakeFiles/cmTC_76a1b.dir/src.c.o: in function `main':
src.c:(.text+0x46): undefined reference to `pthread_create'
/usr/bin/ld: src.c:(.text+0x52): undefined reference to `pthread_detach'
/usr/bin/ld: src.c:(.text+0x63): undefined reference to `pthread_join'
collect2: error: ld returned 1 exit status
make[1]: *** [CMakeFiles/cmTC_76a1b.dir/build.make:87: cmTC_76a1b] Error 1
make[1]: Leaving directory '/home/cdi/Dropbox/Workspace_CDI/workspace_prog/catkin_ws_straw_machine/build/CMakeFiles/CMakeTmp'
make: *** [Makefile:121: cmTC_76a1b/fast] Error 2


Source file was:
#include <pthread.h>

void* test_func(void* data)
{
  return data;
}

int main(void)
{
  pthread_t thread;
  pthread_create(&thread, NULL, test_func, NULL);
  pthread_detach(thread);
  pthread_join(thread, NULL);
  pthread_atfork(NULL, NULL, NULL);
  pthread_exit(NULL);

  return 0;
}

